GitHub Activity Tracker Log


[Regular Activity] 2/21/2025, 7:20:24 PM - No active editor detected.

[File Save] 2/21/2025, 7:20:25 PM - File: c:\Users\devsr\AppData\Roaming\Code\User\settings.json; Line change: 0 (Total lines: 55)

[Regular Activity] 2/21/2025, 7:21:25 PM - No active editor detected.

[Regular Activity] 2/21/2025, 7:23:59 PM - No active editor detected.

[File Save] 2/21/2025, 7:24:02 PM - File: c:\Users\devsr\AppData\Roaming\Code\User\settings.json; Line change: 0 (Total lines: 55)

[File Save] 2/21/2025, 7:24:42 PM - File: c:\Users\devsr\OneDrive\Desktop\exp\ts\file.txt; Line change: 0 (Total lines: 1)

[File Save] 2/21/2025, 7:24:43 PM - File: c:\Users\devsr\OneDrive\Desktop\exp\ts\file.txt; Line change: 0 (Total lines: 1)

[File Save] 2/21/2025, 7:24:43 PM - File: c:\Users\devsr\OneDrive\Desktop\exp\ts\file.txt; Line change: 0 (Total lines: 1)

[File Save] 2/21/2025, 7:24:43 PM - File: c:\Users\devsr\OneDrive\Desktop\exp\ts\file.txt; Line change: 0 (Total lines: 1)

[Regular Activity] 2/21/2025, 7:25:01 PM - Working on: c:\Users\devsr\OneDrive\Desktop\exp\ts\file.txt

[File Save] 2/21/2025, 7:25:50 PM - File: c:\Users\devsr\OneDrive\Desktop\exp\ts\file.txt; Line change: 1 (Total lines: 2)

[File Save] 2/21/2025, 7:25:51 PM - File: c:\Users\devsr\OneDrive\Desktop\exp\ts\file.txt; Line change: 0 (Total lines: 2)

[File Save] 2/21/2025, 7:25:51 PM - File: c:\Users\devsr\OneDrive\Desktop\exp\ts\file.txt; Line change: 0 (Total lines: 2)

[File Save] 2/21/2025, 7:25:51 PM - File: c:\Users\devsr\OneDrive\Desktop\exp\ts\file.txt; Line change: 0 (Total lines: 2)

[File Save] 2/21/2025, 7:25:52 PM - File: c:\Users\devsr\OneDrive\Desktop\exp\ts\file.txt; Line change: 0 (Total lines: 2)

[File Save] 2/21/2025, 7:25:52 PM - File: c:\Users\devsr\OneDrive\Desktop\exp\ts\file.txt; Line change: 0 (Total lines: 2)

[Regular Activity] 2/21/2025, 7:26:01 PM - Working on: c:\Users\devsr\OneDrive\Desktop\exp\ts\.code-tracking\activity.log

[Regular Activity] 2/21/2025, 7:27:01 PM - Working on: c:\Users\devsr\OneDrive\Desktop\exp\ts\.code-tracking\activity.log

[Regular Activity] 2/21/2025, 7:28:01 PM - Working on: c:\Users\devsr\OneDrive\Desktop\exp\ts\.code-tracking\activity.log
